acl-2.2.52.src.tar.gz.done
adwaita-icon-theme-3.28.0.tar.xz.done
alsa-lib-1.1.6.tar.bz2.done
alsa-plugins-1.1.6.tar.bz2.done
alsa-utils-1.1.6.tar.bz2.done
async-0.6.2.tar.gz.done
at_3.1.20.orig.tar.gz.done
atk-2.28.1.tar.xz.done
at-spi2-atk-2.26.2.tar.xz.done
at-spi2-core-2.28.0.tar.xz.done
attr-2.4.47.src.tar.gz.done
autoconf-2.69.tar.gz.done
autoconf-archive-2018.03.13.tar.xz.done
automake-1.16.1.tar.gz.done
avahi-0.7.tar.gz.done
base-passwd_3.5.29.tar.gz.done
bash44-019.done
bash44-020.done
bash44-021.done
bash44-022.done
bash44-023.done
bash-4.4.18.tar.gz.done
bash-completion-2.8.tar.xz.done
bc-1.07.1.tar.gz.done
bind-9.11.4.tar.gz.done
bison-3.0.4.tar.xz.done
bluez-5.50.tar.xz.done
bmap-tools-3.4.tgz.done
busybox-1.29.3.tar.bz2.done
bzip2-1.0.6.tar.gz.done
cairo-1.14.12.tar.xz.done
ccache-3.4.2.tar.xz.done
check-0.12.0.tar.gz.done
chrpath_0.16.orig.tar.gz.done
cmake-3.12.2.tar.gz.done
connman-1.35.tar.xz.done
ConsoleKit-0.4.6.tar.xz.done
coreutils-8.30.tar.xz.done
cpio-2.12.tar.gz.done
cracklib-2.9.5.tar.gz.done
crda-3.18.tar.xz.done
cronie-1.5.2.tar.gz.done
curl-7.61.0.tar.bz2.done
cwautomacros-20110201.tar.bz2.done
db-5.3.28.tar.gz.done
dbus-1.12.10.tar.gz.done
dbus-glib-0.110.tar.gz.done
dbus-python-1.2.8.tar.gz.done
debianutils_4.8.6.tar.xz.done
DevIL-1.7.8.zip.done
dhcp-4.4.1.tar.gz.done
diffstat-1.62.tgz.done
diffutils-3.6.tar.xz.done
dosfstools-4.1.tar.xz.done
ed-1.14.2.tar.lz.done
elfutils-0.175.tar.bz2.done
encodings-1.0.4.tar.bz2.done
ethtool-4.19.tar.gz.done
eudev-3.2.7.tar.gz.done
expat-2.2.6.tar.bz2.done
extras-1.0.0.tar.gz.done
findutils-4.6.0.tar.gz.done
firmware-imx-7.8.bin.done
flac-1.3.2.tar.xz.done
flex-2.6.0.tar.bz2.done
fontconfig-2.12.6.tar.gz.done
font-util-1.3.1.tar.bz2.done
freeglut-3.0.0.tar.gz.done
freetype-2.9.1.tar.bz2.done
fribidi-1.0.5.tar.bz2.done
gawk-4.2.1.tar.gz.done
gcc-8.2.0.tar.xz.done
GConf-3.2.6.tar.xz.done
gdb-8.2.tar.xz.done
gdbm-1.18.tar.gz.done
gdk-pixbuf-2.36.11.tar.xz.done
gettext-0.19.8.1.tar.gz.done
git-2.18.1.tar.gz.done
git2_anongit.freedesktop.org.pkg-config.tar.gz.done
git2_code.qt.io.qt.qt3d.git.tar.gz.done
git2_code.qt.io.qt.qtbase.git.tar.gz.done
git2_code.qt.io.qt.qtcharts.git.tar.gz.done
git2_code.qt.io.qt.qtconnectivity.git.tar.gz.done
git2_code.qt.io.qt.qtdeclarative.git.tar.gz.done
git2_code.qt.io.qt.qtenginio.git.tar.gz.done
git2_code.qt.io.qt.qtgraphicaleffects.git.tar.gz.done
git2_code.qt.io.qt.qtimageformats.git.tar.gz.done
git2_code.qt.io.qt.qtlocation.git.tar.gz.done
git2_code.qt.io.qt.qtlocation-mapboxgl.git.tar.gz.done
git2_code.qt.io.qt.qtmqtt.git.tar.gz.done
git2_code.qt.io.qt.qtmultimedia.git.tar.gz.done
git2_code.qt.io.qt.qtquickcontrols2.git.tar.gz.done
git2_code.qt.io.qt.qtquickcontrols.git.tar.gz.done
git2_code.qt.io.qt.qtscript.git.tar.gz.done
git2_code.qt.io.qt.qtsensors.git.tar.gz.done
git2_code.qt.io.qt.qtserialbus.git.tar.gz.done
git2_code.qt.io.qt.qtserialport.git.tar.gz.done
git2_code.qt.io.qt.qtsvg.git.tar.gz.done
git2_code.qt.io.qt.qtsystems.git.tar.gz.done
git2_code.qt.io.qt.qttools.git.tar.gz.done
git2_code.qt.io.qt.qttranslations.git.tar.gz.done
git2_code.qt.io.qt.qtvirtualkeyboard.git.tar.gz.done
git2_code.qt.io.qt.qtwebchannel.git.tar.gz.done
git2_code.qt.io.qt.qtwebsockets.git.tar.gz.done
git2_code.qt.io.qt.qtx11extras.git.tar.gz.done
git2_code.qt.io.qt.qtxmlpatterns.git.tar.gz.done
git2_git.denx.de.mxsldr.git.tar.gz.done
git2_git.denx.de.u-boot.git.tar.gz.done
git2_github.com.assimp.assimp.git.tar.gz.done
git2_github.com.besser82.libxcrypt.git.tar.gz.done
git2_github.com.boundarydevices.imx_usb_loader.git.tar.gz.done
git2_github.com.codeauroraforum.gtec-demo-framework.git.tar.gz.done
git2_github.com.dv1.eglinfo.git.tar.gz.done
git2_github.com.file.file.git.tar.gz.done
git2_github.com.gabime.spdlog.git.tar.gz.done
git2_github.com.glmark2.glmark2.git.tar.gz.done
git2_github.com.google.googletest.git.tar.gz.done
git2_github.com.HowardHinnant.date.git.tar.gz.done
git2_github.com.iputils.iputils.tar.gz.done
git2_github.com.jarro2783.cxxopts.git.tar.gz.done
git2_github.com.KhronosGroup.Vulkan-LoaderAndValidationLayers.git.tar.gz.done
git2_github.com.kraj.localedef.tar.gz.done
git2_github.com.libimobiledevice.libimobiledevice.tar.gz.done
git2_github.com.libimobiledevice.libplist.tar.gz.done
git2_github.com.libimobiledevice.libusbmuxd.tar.gz.done
git2_github.com.libimobiledevice.usbmuxd.tar.gz.done
git2_github.com.ninja-build.ninja.git.tar.gz.done
git2_github.com.nlohmann.json.git.tar.gz.done
git2_github.com.NXP.imx-firmware.git.tar.gz.done
git2_github.com.NXPmicro.imx-kobs.git.tar.gz.done
git2_github.com.OpenLightingProject.libartnet.git.tar.gz.done
git2_github.com.openssh.openssh-portable.tar.gz.done
git2_github.com.openSUSE.libsolv.git.tar.gz.done
git2_github.com.orca-zhang.influxdb-cpp.git.tar.gz.done
git2_github.com.p11-glue.p11-kit.tar.gz.done
git2_github.com.r-lyeh-archived.sole.git.tar.gz.done
git2_github.com.rpm-software-management.createrepo_c.tar.gz.done
git2_github.com.rpm-software-management.dnf.git.tar.gz.done
git2_github.com.rpm-software-management.libcomps.git.tar.gz.done
git2_github.com.rpm-software-management.libdnf.tar.gz.done
git2_github.com.rpm-software-management.librepo.git.tar.gz.done
git2_github.com.rpm-software-management.rpm.tar.gz.done
git2_github.com.stephane.libmodbus.git.tar.gz.done
git2_github.com.systemd.systemd.git.tar.gz.done
git2_github.com.thkukuk.libnsl.tar.gz.done
git2_github.com.thkukuk.libnss_nis.tar.gz.done
git2_github.com.thkukuk.rpcsvc-proto.tar.gz.done
git2_github.com.tias.xinput_calibrator.git.tar.gz.done
git2_github.com.varigit.bcm_4343w_fw.git.tar.gz.done
git2_github.com.varigit.linux-imx.git.tar.gz.done
git2_github.com.varigit.uboot-imx.git.tar.gz.done
git2_github.com.zeux.pugixml.git.tar.gz.done
git2_git.infradead.org.mtd-utils.git.tar.gz.done
git2_git.kernel.org.pub.scm.fs.ext2.e2fsprogs.git.tar.gz.done
git2_git.kernel.org.pub.scm.linux.kernel.git.firmware.linux-firmware.git.tar.gz.done
git2_git.kernel.org.pub.scm.linux.kernel.git.kdave.btrfs-progs.git.tar.gz.done
git2_git.kernel.org.pub.scm.linux.kernel.git.shemminger.bridge-utils.git.tar.gz.done
git2_git.kernel.org.pub.scm.utils.dtc.dtc.git.tar.gz.done
git2_git.kernel.org.pub.scm.utils.kernel.kmod.kmod.git.tar.gz.done
git2_gitlab.com.psmisc.psmisc.git.tar.gz.done
git2_gitlab.gnome.org.GNOME.cantarell-fonts.git.tar.gz.done
git2_gitlab.gnome.org.GNOME.mobile-broadband-provider-info.git.tar.gz.done
git2_git.savannah.gnu.org.config.git.tar.gz.done
git2_git.ti.com.ti-bt.service-packs.git.tar.gz.done
git2_git.ti.com.wilink8-wlan.18xx-ti-utils.git.tar.gz.done
git2_git.ti.com.wilink8-wlan.wl18xx_fw.git.tar.gz.done
git2_git.ti.com.wilink8-wlan.wl18xx-target-scripts.git.tar.gz.done
git2_git.yoctoproject.org.libmatchbox.tar.gz.done
git2_git.yoctoproject.org.matchbox-terminal.tar.gz.done
git2_git.yoctoproject.org.matchbox-window-manager.tar.gz.done
git2_git.yoctoproject.org.prelink-cross.git.tar.gz.done
git2_git.yoctoproject.org.pseudo.tar.gz.done
git2_git.yoctoproject.org.psplash.tar.gz.done
git2_git.yoctoproject.org.ptest-runner2.tar.gz.done
git2_git.yoctoproject.org.update-rc.d.tar.gz.done
git2_git.yoctoproject.org.yocto-kernel-tools.git.tar.gz.done
git2_salsa.debian.org.debian.ca-certificates.git.tar.gz.done
git2_salsa.debian.org.debian.ncurses.git.tar.gz.done
git2_salsa.debian.org.iso-codes-team.iso-codes.git.tar.gz.done
git2_source.codeaurora.org.external.imx.apitrace-imx.git.tar.gz.done
git2_source.codeaurora.org.external.imx.imx-alsa-plugins.git.tar.gz.done
git2_source.codeaurora.org.external.imx.libdrm-imx.git.tar.gz.done
git2_source.codeaurora.org.external.imx.linux-imx.git.tar.gz.done
git2_source.codeaurora.org.external.imx.xf86-video-imx-vivante.git.tar.gz.done
git2_sourceware.org.git.binutils-gdb.git.tar.gz.done
git2_sourceware.org.git.glibc.git.tar.gz.done
gitdb2-2.0.4.tar.gz.done
git-manpages-2.18.1.tar.gz.done
GitPython-2.1.11.tar.gz.done
glew-2.1.0.tgz.done
glib-2.58.0.tar.xz.done
glu-9.0.0.tar.bz2.done
gmp-6.1.2.tar.bz2.done
gnome-desktop-testing-2014.1.tar.xz.done
gnome-themes-standard-3.22.3.tar.xz.done
gnupg-2.2.12.tar.bz2.done
gnutls-3.6.4.tar.xz.done
gobject-introspection-1.58.0.tar.xz.done
gperf-3.1.tar.gz.done
gpgme-1.11.1.tar.bz2.done
gptfdisk-1.0.4.tar.gz.done
grep-3.1.tar.xz.done
gst-plugins-bad-1.14.4.tar.xz.done
gst-plugins-base-1.14.4.tar.xz.done
gstreamer-1.14.4.tar.xz.done
gtk+-2.24.32.tar.xz.done
gtk+-3.22.30.tar.xz.done
gtk-doc-1.29.tar.xz.done
gtkperf_0.40.tar.gz.done
gzip-1.9.tar.gz.done
harfbuzz-1.8.8.tar.bz2.done
hdparm-9.56.tar.gz.done
hicolor-icon-theme-0.17.tar.xz.done
hostapd-2.6.tar.gz.done
htop-2.2.0.tar.gz.done
icu4c-62_1-src.tgz.done
imx-gpu-g2d-6.2.4.p1.8-aarch32.bin.done
imx-gpu-viv-6.2.4.p1.8-aarch32.bin.done
influxdb-1.7.9_linux_armhf.tar.gz.done
iniparse-0.4.tar.gz.done
intltool-0.51.0.tar.gz.done
iproute2-4.19.0.tar.xz.done
iptables-1.6.2.tar.bz2.done
iw-4.14.tar.gz.done
kbd-2.0.4.tar.xz.done
less-530.tar.gz.done
libarchive-3.3.3.tar.gz.done
libassuan-2.5.1.tar.bz2.done
libatomic_ops-7.6.8.tar.gz.done
libcap-2.25.tar.xz.done
libcroco-0.6.12.tar.xz.done
libdaemon-0.14.tar.gz.done
libdmx-1.1.4.tar.bz2.done
libepoxy-1.5.2.tar.xz.done
liberation-fonts-ttf-2.00.1.tar.gz.done
libevdev-1.5.9.tar.xz.done
libevent-2.1.8-stable.tar.gz.done
libffi-3.2.1.tar.gz.done
libfontenc-1.1.3.tar.bz2.done
libgcrypt-1.8.4.tar.bz2.done
libgpg-error-1.32.tar.bz2.done
libgudev-232.tar.xz.done
libical-2.0.0.tar.gz.done
libICE-1.0.9.tar.bz2.done
libidn2-2.0.5.tar.gz.done
libinput-1.11.3.tar.xz.done
libjpeg-turbo-2.0.0.tar.gz.done
libksba-1.3.5.tar.bz2.done
libmnl-1.0.4.tar.bz2.done
libnl-3.4.0.tar.gz.done
libogg-1.3.3.tar.xz.done
libpcap-1.8.1.tar.gz.done
libpciaccess-0.14.tar.bz2.done
libpng-1.6.36.tar.xz.done
libpthread-stubs-0.4.tar.bz2.done
librsvg-2.40.20.tar.xz.done
libsamplerate-0.1.9.tar.gz.done
libSM-1.2.2.tar.bz2.done
libsndfile-1.0.28.tar.gz.done
libtasn1-4.13.tar.gz.done
libtheora-1.1.1.tar.bz2.done
libtirpc-1.0.3.tar.bz2.done
libtool-2.4.6.tar.gz.done
libunistring-0.9.10.tar.gz.done
libusb-1.0.22.tar.bz2.done
LibVNCServer-0.9.11.tar.gz.done
libvorbis-1.3.6.tar.xz.done
libwebp-1.0.0.tar.gz.done
libX11-1.6.6.tar.bz2.done
libXau-1.0.8.tar.bz2.done
libxcb-1.13.tar.bz2.done
libXcomposite-0.4.4.tar.bz2.done
libXcursor-1.1.15.tar.bz2.done
libXdamage-1.1.4.tar.bz2.done
libXdmcp-1.1.2.tar.bz2.done
libXext-1.3.3.tar.bz2.done
libXfixes-5.0.3.tar.bz2.done
libXfont2-2.0.3.tar.bz2.done
libXft-2.3.2.tar.bz2.done
libXi-1.7.9.tar.bz2.done
libXinerama-1.1.4.tar.bz2.done
libxkbcommon-0.8.2.tar.xz.done
libxkbfile-1.0.9.tar.bz2.done
libxml2-2.9.8.tar.gz.done
libXmu-1.1.2.tar.bz2.done
libXrandr-1.5.1.tar.bz2.done
libXrender-0.9.10.tar.bz2.done
libxshmfence-1.3.tar.bz2.done
libxslt-1.1.32.tar.gz.done
libXt-1.1.5.tar.bz2.done
libXtst-1.2.3.tar.bz2.done
libXv-1.0.11.tar.bz2.done
libXxf86dga-1.1.4.tar.bz2.done
libXxf86misc-1.0.4.tar.bz2.done
libXxf86vm-1.1.4.tar.bz2.done
linux-4.18.tar.xz.done
logrotate-3.14.0.tar.xz.done
lttng-ust-2.10.3.tar.bz2.done
lzip-1.20.tar.gz.done
lzo-2.10.tar.gz.done
lzop-1.03.tar.gz.done
M2Crypto-0.30.1.tar.gz.done
m4-1.4.18.tar.gz.done
make-4.2.1.tar.bz2.done
makedepend-1.0.5.tar.gz.done
Mako-1.0.7.tar.gz.done
mc-4.8.21.tar.bz2.done
mesa-18.1.9.tar.xz.done
mesa-demos-8.3.0.tar.bz2.done
meson-0.47.2.tar.gz.done
mkfontdir-1.0.7.tar.bz2.done
mkfontscale-1.1.3.tar.bz2.done
mklibs_0.1.43.tar.xz.done
mpc-1.1.0.tar.gz.done
mpfr-4.0.1.tar.xz.done
mtdev-1.1.5.tar.bz2.done
mtools-4.0.18.tar.bz2.done
nano-3.0.tar.xz.done
neard-0.16.tar.xz.done
netbase_5.4.tar.xz.done
nettle-3.4.tar.gz.done
net-tools_1.60-26.diff.gz.done
net-tools_1.60.orig.tar.gz.done
nfs-utils-2.3.1.tar.xz.done
nmap-7.70.tar.bz2.done
node-v8.12.0.tar.xz.done
npm_sd-notify-2.7.2.tar.xz.done
npth-1.6.tar.bz2.done
nspr-4.19.tar.gz.done
nss-3.39.tar.gz.done
nss-mdns-0.10.tar.gz.done
ofono-1.24.tar.xz.done
openssl-1.1.1a.tar.gz.done
opkg-0.3.6.tar.gz.done
opkg-utils-0.3.6.tar.gz.done
orc-0.4.28.tar.xz.done
pango-1.42.4.tar.xz.done
parted-3.2.tar.xz.done
patch-2.7.6.tar.gz.done
pbr-4.2.0.tar.gz.done
pciutils-3.6.2.tar.xz.done
pcre2-10.31.tar.bz2.done
pcre-8.42.tar.bz2.done
perl-5.24.4.tar.xz.done
pigz-2.4.tar.gz.done
pinentry-1.1.0.tar.bz2.done
pip-18.0.tar.gz.done
pixman-0.34.0.tar.bz2.done
pm-utils-1.4.1.tar.gz.done
popt-1.16.tar.gz.done
ppp-2.4.7.tar.gz.done
procps-ng-3.3.15.tar.xz.done
pulseaudio-12.2.tar.xz.done
pycairo-1.15.6.tar.gz.done
pygobject-3.28.3.tar.xz.done
Python-2.7.15.tar.xz.done
Python-3.5.6.tar.xz.done
python-subunit-1.3.0.tar.gz.done
qemu-3.0.0.tar.xz.done
quilt-0.65.tar.gz.done
quota-4.04.tar.gz.done
re2c-1.0.1.tar.gz.done
readline-7.0.tar.gz.done
rgb-1.0.6.tar.bz2.done
rng-tools-5.tar.gz.done
rpcbind-0.2.4.tar.bz2.done
rsync-3.1.3.tar.gz.done
sbc-1.3.tar.xz.done
SDL-1.2.15.tar.gz.done
SDL2-2.0.8.tar.gz.done
sed-4.2.2.tar.gz.done
setuptools-40.0.0.zip.done
shadow-4.6.tar.gz.done
shared-mime-info-1.10.tar.xz.done
six-1.11.0.tar.gz.done
smmap-0.9.0.tar.gz.done
speexdsp-1.2rc3.tar.gz.done
sqlite-autoconf-3230100.tar.gz.done
startup-notification-0.12.tar.gz.done
strace-4.24.tar.xz.done
sudo-1.8.23.tar.gz.done
swig-3.0.12.tar.gz.done
sysfsutils-2.1.0.tar.gz.done
sysklogd-1.5.1.tar.gz.done
sysvinit-2.88dsf.tar.bz2.done
tar-1.30.tar.bz2.done
tcl8.6.8-src.tar.gz.done
tcp_wrappers_7.6.tar.gz.done
testtools-2.3.0.tar.gz.done
texinfo-6.5.tar.gz.done
tiff-4.0.9.tar.gz.done
time-1.9.tar.gz.done
tslib-1.16.tar.xz.done
typing-3.6.4.tar.gz.done
tzcode2018i.tar.gz.done
tzdata2018i.tar.gz.done
unfs3-0.9.22.r497.tar.gz.done
unifdef-2.11.tar.xz.done
unzip60.tar.gz.done
usbutils-010.tar.gz.done
userspace-rcu-0.10.1.tar.bz2.done
util-linux-2.32.1.tar.xz.done
util-macros-1.19.2.tar.gz.done
vte-0.52.2.tar.xz.done
wget-1.19.5.tar.gz.done
which-2.21.tar.gz.done
wireless-regdb-2018.10.24.tar.xz.done
wpa_supplicant-2.6.tar.gz.done
x11vnc-0.9.13.tar.gz.done
xauth-1.0.10.tar.bz2.done
xcb-proto-1.13.tar.bz2.done
xcb-util-0.4.0.tar.bz2.done
xcb-util-image-0.4.0.tar.bz2.done
xcb-util-keysyms-0.4.0.tar.bz2.done
xcb-util-renderutil-0.3.9.tar.bz2.done
xcb-util-wm-0.4.1.tar.bz2.done
xdpyinfo-1.3.2.tar.bz2.done
xf86-input-evdev-2.10.6.tar.bz2.done
xf86-input-libinput-0.28.0.tar.bz2.done
xhost-1.0.7.tar.bz2.done
xinit-1.4.0.tar.bz2.done
xinput-1.6.2.tar.bz2.done
xkbcomp-1.4.2.tar.bz2.done
xkeyboard-config-2.24.tar.bz2.done
XML-Parser-2.44.tar.gz.done
xmlts20080827.tar.gz.done
xmodmap-1.0.9.tar.bz2.done
xorgproto-2018.4.tar.bz2.done
xorg-server-1.20.1.tar.bz2.done
xrandr-1.5.0.tar.bz2.done
xset-1.2.4.tar.bz2.done
xtrans-1.3.5.tar.bz2.done
xz-5.2.4.tar.gz.done
zlib-1.2.11.tar.xz.done
